<?xml version="1.0" encoding="UTF-8"?>
<!-- Generated by org.testng.reporters.JUnitXMLReporter -->
<testsuite ignored="0" hostname="DESKTOP-9QHTH3N" failures="1" tests="1" name="Test" time="0.212" errors="0" timestamp="2023-07-05T17:35:12 IST">
  <testcase classname="Tests.Testcase_01" name="loginWithValidcredentials" time="0.073">
    <failure type="java.lang.NullPointerException" message="Cannot invoke &amp;quot;org.openqa.selenium.WebDriver.findElement(org.openqa.selenium.By)&amp;quot; because &amp;quot;File_pkg.Loginpage.driver&amp;quot; is null">
      <![CDATA[java.lang.NullPointerException: Cannot invoke "org.openqa.selenium.WebDriver.findElement(org.openqa.selenium.By)" because "File_pkg.Loginpage.driver" is null
at File_pkg.Loginpage.loginUserName(Loginpage.java:19)
at File_pkg.Loginpage.txtUserName(Loginpage.java:39)
at File_pkg.Loginpage.loginPageActions(Loginpage.java:55)
at Tests.Testcase_01.loginWithValidcredentials(Testcase_01.java:12)
at java.base/java.util.ArrayList.forEach(ArrayList.java:1511)
... Removed 25 stack frames]]>
    </failure>
  </testcase> <!-- loginWithValidcredentials -->
</testsuite> <!-- Test -->
