<?xml version="1.0" encoding="UTF-8"?>
<!-- Generated by org.testng.reporters.JUnitXMLReporter -->
<testsuite ignored="0" hostname="DESKTOP-9QHTH3N" failures="0" tests="1" name="Test" time="0.474" errors="0" timestamp="2023-07-05T19:00:46 IST">
  <testcase classname="Tests.Testcase_01" name="@BeforeClass driver_instation" time="0.176">
    <failure type="java.lang.NoSuchMethodError" message="&amp;apos;java.io.OutputStream org.openqa.selenium.edge.EdgeDriverService$Builder.getLogOutput(java.lang.String)&amp;apos;">
      <![CDATA[java.lang.NoSuchMethodError: 'java.io.OutputStream org.openqa.selenium.edge.EdgeDriverService$Builder.getLogOutput(java.lang.String)'
at org.openqa.selenium.edge.EdgeDriverService$Builder.createDriverService(EdgeDriverService.java:352)
at org.openqa.selenium.edge.EdgeDriverService$Builder.createDriverService(EdgeDriverService.java:147)
at org.openqa.selenium.remote.service.DriverService$Builder.build(DriverService.java:450)
at org.openqa.selenium.edge.EdgeDriver.<init>(EdgeDriver.java:47)
at org.openqa.selenium.edge.EdgeDriver.<init>(EdgeDriver.java:43)
at File_pkg.Driver.getDriver(Driver.java:31)
at Tests.Testcase_01.driver_instation(Testcase_01.java:17)
at java.base/java.util.ArrayList.forEach(ArrayList.java:1511)
... Removed 23 stack frames]]>
    </failure>
  </testcase> <!-- @BeforeClass driver_instation -->
  <testcase classname="Tests.Testcase_01" name="@AfterClass driver_exit" time="0.0">
    <skipped/>
  </testcase> <!-- @AfterClass driver_exit -->
  <testcase classname="Tests.Testcase_01" name="loginWithValidcredentials" time="0.001">
    <skipped/>
  </testcase> <!-- loginWithValidcredentials -->
</testsuite> <!-- Test -->
